jun 15, 2020 12:09:59 EM HackAssembler run
FIN: @0		0000000000000000

jun 15, 2020 12:09:59 EM HackAssembler run
FIN: D=M		1111110000010000

jun 15, 2020 12:09:59 EM HackAssembler run
FIN: @1		0000000000000001

jun 15, 2020 12:09:59 EM HackAssembler run
FIN: D=D-M		1111010011010000

jun 15, 2020 12:09:59 EM HackAssembler run
FIN: @10		0000000000001010

jun 15, 2020 12:09:59 EM HackAssembler run
FIN: D;JGT		1110001100000001

jun 15, 2020 12:09:59 EM HackAssembler run
FIN: @1		0000000000000001

jun 15, 2020 12:09:59 EM HackAssembler run
FIN: D=M		1111110000010000

jun 15, 2020 12:09:59 EM HackAssembler run
FIN: @12		0000000000001100

jun 15, 2020 12:09:59 EM HackAssembler run
FIN: 0;JMP		1110101010000111

jun 15, 2020 12:09:59 EM HackAssembler run
FIN: @0		0000000000000000

jun 15, 2020 12:09:59 EM HackAssembler run
FIN: D=M		1111110000010000

jun 15, 2020 12:09:59 EM HackAssembler run
FIN: @2		0000000000000010

jun 15, 2020 12:09:59 EM HackAssembler run
FIN: M=D		1110001100001000

jun 15, 2020 12:09:59 EM HackAssembler run
FIN: @14		0000000000001110

jun 15, 2020 12:09:59 EM HackAssembler run
FIN: 0;JMP		1110101010000111

