jun 15, 2020 12:16:20 EM HackAssembler run
FIN: @0		0000000000000000

jun 15, 2020 12:16:20 EM HackAssembler run
FIN: D=M		1111110000010000

jun 15, 2020 12:16:20 EM HackAssembler run
FIN: @23		0000000000010111

jun 15, 2020 12:16:20 EM HackAssembler run
FIN: D;JLE		1110001100000110

jun 15, 2020 12:16:20 EM HackAssembler run
FIN: @16		0000000000010000

jun 15, 2020 12:16:20 EM HackAssembler run
FIN: M=D		1110001100001000

jun 15, 2020 12:16:20 EM HackAssembler run
FIN: @16384		0100000000000000

jun 15, 2020 12:16:20 EM HackAssembler run
FIN: D=A		1110110000010000

jun 15, 2020 12:16:20 EM HackAssembler run
FIN: @17		0000000000010001

jun 15, 2020 12:16:20 EM HackAssembler run
FIN: M=D		1110001100001000

jun 15, 2020 12:16:20 EM HackAssembler run
FIN: @17		0000000000010001

jun 15, 2020 12:16:20 EM HackAssembler run
FIN: A=M		1111110000100000

jun 15, 2020 12:16:20 EM HackAssembler run
FIN: M=-1		1110111010001000

jun 15, 2020 12:16:20 EM HackAssembler run
FIN: @17		0000000000010001

jun 15, 2020 12:16:20 EM HackAssembler run
FIN: D=M		1111110000010000

jun 15, 2020 12:16:20 EM HackAssembler run
FIN: @32		0000000000100000

jun 15, 2020 12:16:20 EM HackAssembler run
FIN: D=D+A		1110000010010000

jun 15, 2020 12:16:20 EM HackAssembler run
FIN: @17		0000000000010001

jun 15, 2020 12:16:20 EM HackAssembler run
FIN: M=D		1110001100001000

jun 15, 2020 12:16:20 EM HackAssembler run
FIN: @16		0000000000010000

jun 15, 2020 12:16:20 EM HackAssembler run
FIN: MD=M-1		1111110010011000

jun 15, 2020 12:16:20 EM HackAssembler run
FIN: @10		0000000000001010

jun 15, 2020 12:16:20 EM HackAssembler run
FIN: D;JGT		1110001100000001

jun 15, 2020 12:16:20 EM HackAssembler run
FIN: @23		0000000000010111

jun 15, 2020 12:16:20 EM HackAssembler run
FIN: 0;JMP		1110101010000111

